c:\projects\libelf\vc\libelf\debug\vc120.pdb
c:\projects\libelf\vc\libelf\debug\vc120.idb
c:\projects\libelf\vc\libelf\debug\newscn.obj
c:\projects\libelf\vc\libelf\debug\next.obj
c:\projects\libelf\vc\libelf\debug\nextscn.obj
c:\projects\libelf\vc\libelf\debug\nlist.obj
c:\projects\libelf\vc\libelf\debug\opt.delscn.obj
c:\projects\libelf\vc\libelf\debug\rand.obj
c:\projects\libelf\vc\libelf\debug\rawdata.obj
c:\projects\libelf\vc\libelf\debug\rawfile.obj
c:\projects\libelf\vc\libelf\debug\strptr.obj
c:\projects\libelf\vc\libelf\debug\swap64.obj
c:\projects\libelf\vc\libelf\debug\update.obj
c:\projects\libelf\vc\libelf\debug\verdef_32_tof.obj
c:\projects\libelf\vc\libelf\debug\verdef_32_tom.obj
c:\projects\libelf\vc\libelf\debug\verdef_64_tof.obj
c:\projects\libelf\vc\libelf\debug\verdef_64_tom.obj
c:\projects\libelf\vc\libelf\debug\version.obj
c:\projects\libelf\vc\libelf\debug\x.elfext.obj
c:\projects\libelf\vc\libelf\debug\x.movscn.obj
c:\projects\libelf\vc\libelf\debug\x.remscn.obj
c:\projects\libelf\vc\libelf\debug\check.obj
c:\projects\libelf\vc\libelf\debug\errno.obj
c:\projects\libelf\vc\libelf\debug\fill.obj
c:\projects\libelf\vc\libelf\debug\flag.obj
c:\projects\libelf\vc\libelf\debug\gelfehdr.obj
c:\projects\libelf\vc\libelf\debug\gelfphdr.obj
c:\projects\libelf\vc\libelf\debug\gelfshdr.obj
c:\projects\libelf\vc\libelf\debug\gelftrans.obj
c:\projects\libelf\vc\libelf\debug\getarhdr.obj
c:\projects\libelf\vc\libelf\debug\getaroff.obj
c:\projects\libelf\vc\libelf\debug\getarsym.obj
c:\projects\libelf\vc\libelf\debug\getbase.obj
c:\projects\libelf\vc\libelf\debug\getdata.obj
c:\projects\libelf\vc\libelf\debug\getident.obj
c:\projects\libelf\vc\libelf\debug\getscn.obj
c:\projects\libelf\vc\libelf\debug\hash.obj
c:\projects\libelf\vc\libelf\debug\input.obj
c:\projects\libelf\vc\libelf\debug\kind.obj
c:\projects\libelf\vc\libelf\debug\memset.obj
c:\projects\libelf\vc\libelf\debug\ndxscn.obj
c:\projects\libelf\vc\libelf\debug\newdata.obj
c:\projects\libelf\vc\libelf\debug\32.fsize.obj
c:\projects\libelf\vc\libelf\debug\32.getehdr.obj
c:\projects\libelf\vc\libelf\debug\32.getphdr.obj
c:\projects\libelf\vc\libelf\debug\32.getshdr.obj
c:\projects\libelf\vc\libelf\debug\32.newehdr.obj
c:\projects\libelf\vc\libelf\debug\32.newphdr.obj
c:\projects\libelf\vc\libelf\debug\32.xlatetof.obj
c:\projects\libelf\vc\libelf\debug\64.xlatetof.obj
c:\projects\libelf\vc\libelf\debug\assert.obj
c:\projects\libelf\vc\libelf\debug\begin.obj
c:\projects\libelf\vc\libelf\debug\checksum.obj
c:\projects\libelf\vc\libelf\debug\cntl.obj
c:\projects\libelf\vc\libelf\debug\cook.obj
c:\projects\libelf\vc\libelf\debug\data.obj
c:\projects\libelf\vc\libelf\debug\end.obj
c:\projects\libelf\vc\libelf\debug\errmsg.obj
c:\projects\libelf\vc\libelf\debug\libelf.ilk
c:\projects\libelf\vc\libelf\debug\libelf.dll
c:\projects\libelf\vc\libelf\debug\libelf.pdb
c:\projects\libelf\vc\libelf\debug\libelf.tlog\cl.command.1.tlog
c:\projects\libelf\vc\libelf\debug\libelf.tlog\cl.read.1.tlog
c:\projects\libelf\vc\libelf\debug\libelf.tlog\cl.write.1.tlog
c:\projects\libelf\vc\libelf\debug\libelf.tlog\link.command.1.tlog
c:\projects\libelf\vc\libelf\debug\libelf.tlog\link.read.1.tlog
c:\projects\libelf\vc\libelf\debug\libelf.tlog\link.write.1.tlog
